# JRE version: Java(TM) SE Runtime Environment (21.0.5+9) (build 21.0.5+9-LTS-239)
# Java VM: Java HotSpot(TM) 64-Bit Server VM (21.0.5+9-LTS-239, mixed mode, sharing, tiered, compressed oops, compressed class ptrs, g1 gc, windows-amd64)
GC Precious Log:
 CardTable entry size: 512
 Card Set container configuration: InlinePtr #cards 5 size 8 Array Of Cards #cards 12 size 40 Howl #buckets 4 coarsen threshold 1843 Howl Bitmap #cards 512 size 80 coarsen threshold 460 Card regions per heap region 1 cards per card region 2048
 CPUs: 4 total, 4 available
 Memory: 8097M
 Large Page Support: Disabled
 NUMA Support: Disabled
 Compressed Oops: Enabled (32-bit)
 Heap Region Size: 1M
 Heap Min Capacity: 8M
 Heap Initial Capacity: 128M
 Heap Max Capacity: 2026M
 Pre-touch: Disabled
 Parallel Workers: 4
 Concurrent Workers: 1
 Concurrent Refinement Workers: 4
 Periodic GC: Disabled
Heap:
 garbage-first heap   total 55296K, used 28097K [0x0000000081600000, 0x0000000100000000)
  region size 1024K, 4 young (4096K), 3 survivors (3072K)
 Metaspace       used 65179K, committed 65792K, reserved 1114112K
  class space    used 8593K, committed 8832K, reserved 1048576K
GC Heap History (20 events):
Event: 3.201 GC heap before
{Heap before GC invocations=2 (full 0):
 garbage-first heap   total 131072K, used 38941K [0x0000000081600000, 0x0000000100000000)
  region size 1024K, 31 young (31744K), 2 survivors (2048K)
 Metaspace       used 15918K, committed 16256K, reserved 1114112K
  class space    used 2019K, committed 2176K, reserved 1048576K
}
Event: 3.209 GC heap after
{Heap after GC invocations=3 (full 0):
 garbage-first heap   total 131072K, used 11246K [0x0000000081600000, 0x0000000100000000)
  region size 1024K, 4 young (4096K), 4 survivors (4096K)
 Metaspace       used 15918K, committed 16256K, reserved 1114112K
  class space    used 2019K, committed 2176K, reserved 1048576K
}
Event: 4.248 GC heap before
{Heap before GC invocations=3 (full 0):
 garbage-first heap   total 131072K, used 33774K [0x0000000081600000, 0x0000000100000000)
  region size 1024K, 28 young (28672K), 4 survivors (4096K)
 Metaspace       used 21201K, committed 21504K, reserved 1114112K
  class space    used 2580K, committed 2752K, reserved 1048576K
}
Event: 4.258 GC heap after
{Heap after GC invocations=4 (full 0):
 garbage-first heap   total 131072K, used 13778K [0x0000000081600000, 0x0000000100000000)
  region size 1024K, 7 young (7168K), 7 survivors (7168K)
 Metaspace       used 21201K, committed 21504K, reserved 1114112K
  class space    used 2580K, committed 2752K, reserved 1048576K
}
Event: 5.125 GC heap before
{Heap before GC invocations=5 (full 0):
 garbage-first heap   total 55296K, used 39378K [0x0000000081600000, 0x0000000100000000)
  region size 1024K, 32 young (32768K), 7 survivors (7168K)
 Metaspace       used 24878K, committed 25152K, reserved 1114112K
  class space    used 3074K, committed 3200K, reserved 1048576K
}
Event: 5.140 GC heap after
{Heap after GC invocations=6 (full 0):
 garbage-first heap   total 55296K, used 15502K [0x0000000081600000, 0x0000000100000000)
  region size 1024K, 4 young (4096K), 4 survivors (4096K)
 Metaspace       used 24878K, committed 25152K, reserved 1114112K
  class space    used 3074K, committed 3200K, reserved 1048576K
}
Event: 6.642 GC heap before
{Heap before GC invocations=6 (full 0):
 garbage-first heap   total 55296K, used 43150K [0x0000000081600000, 0x0000000100000000)
  region size 1024K, 31 young (31744K), 4 survivors (4096K)
 Metaspace       used 29383K, committed 29888K, reserved 1114112K
  class space    used 3674K, committed 3904K, reserved 1048576K
}
Event: 6.659 GC heap after
{Heap after GC invocations=7 (full 0):
 garbage-first heap   total 55296K, used 17835K [0x0000000081600000, 0x0000000100000000)
  region size 1024K, 3 young (3072K), 3 survivors (3072K)
 Metaspace       used 29383K, committed 29888K, reserved 1114112K
  class space    used 3674K, committed 3904K, reserved 1048576K
}
Event: 8.809 GC heap before
{Heap before GC invocations=7 (full 0):
 garbage-first heap   total 55296K, used 44459K [0x0000000081600000, 0x0000000100000000)
  region size 1024K, 30 young (30720K), 3 survivors (3072K)
 Metaspace       used 34263K, committed 34816K, reserved 1114112K
  class space    used 4331K, committed 4608K, reserved 1048576K
}
Event: 8.825 GC heap after
{Heap after GC invocations=8 (full 0):
 garbage-first heap   total 55296K, used 20480K [0x0000000081600000, 0x0000000100000000)
  region size 1024K, 4 young (4096K), 4 survivors (4096K)
 Metaspace       used 34263K, committed 34816K, reserved 1114112K
  class space    used 4331K, committed 4608K, reserved 1048576K
}
Event: 9.296 GC heap before
{Heap before GC invocations=8 (full 0):
 garbage-first heap   total 55296K, used 29696K [0x0000000081600000, 0x0000000100000000)
  region size 1024K, 14 young (14336K), 4 survivors (4096K)
 Metaspace       used 35522K, committed 36096K, reserved 1114112K
  class space    used 4499K, committed 4800K, reserved 1048576K
}
Event: 9.304 GC heap after
{Heap after GC invocations=9 (full 0):
 garbage-first heap   total 55296K, used 21790K [0x0000000081600000, 0x0000000100000000)
  region size 1024K, 1 young (1024K), 1 survivors (1024K)
 Metaspace       used 35522K, committed 36096K, reserved 1114112K
  class space    used 4499K, committed 4800K, reserved 1048576K
}
Event: 11.090 GC heap before
{Heap before GC invocations=10 (full 0):
 garbage-first heap   total 55296K, used 46366K [0x0000000081600000, 0x0000000100000000)
  region size 1024K, 25 young (25600K), 1 survivors (1024K)
 Metaspace       used 41141K, committed 41728K, reserved 1114112K
  class space    used 5419K, committed 5696K, reserved 1048576K
}
Event: 11.095 GC heap after
{Heap after GC invocations=11 (full 0):
 garbage-first heap   total 55296K, used 22514K [0x0000000081600000, 0x0000000100000000)
  region size 1024K, 2 young (2048K), 2 survivors (2048K)
 Metaspace       used 41141K, committed 41728K, reserved 1114112K
  class space    used 5419K, committed 5696K, reserved 1048576K
}
Event: 13.255 GC heap before
{Heap before GC invocations=11 (full 0):
 garbage-first heap   total 55296K, used 46066K [0x0000000081600000, 0x0000000100000000)
  region size 1024K, 26 young (26624K), 2 survivors (2048K)
 Metaspace       used 51141K, committed 51712K, reserved 1114112K
  class space    used 6594K, committed 6848K, reserved 1048576K
}
Event: 13.262 GC heap after
{Heap after GC invocations=12 (full 0):
 garbage-first heap   total 55296K, used 24709K [0x0000000081600000, 0x0000000100000000)
  region size 1024K, 4 young (4096K), 4 survivors (4096K)
 Metaspace       used 51141K, committed 51712K, reserved 1114112K
  class space    used 6594K, committed 6848K, reserved 1048576K
}
Event: 14.503 GC heap before
{Heap before GC invocations=12 (full 0):
 garbage-first heap   total 55296K, used 45189K [0x0000000081600000, 0x0000000100000000)
  region size 1024K, 25 young (25600K), 4 survivors (4096K)
 Metaspace       used 56974K, committed 57600K, reserved 1114112K
  class space    used 7398K, committed 7680K, reserved 1048576K
}
Event: 14.511 GC heap after
{Heap after GC invocations=13 (full 0):
 garbage-first heap   total 55296K, used 26349K [0x0000000081600000, 0x0000000100000000)
  region size 1024K, 2 young (2048K), 2 survivors (2048K)
 Metaspace       used 56974K, committed 57600K, reserved 1114112K
  class space    used 7398K, committed 7680K, reserved 1048576K
}
Event: 15.058 GC heap before
{Heap before GC invocations=13 (full 0):
 garbage-first heap   total 55296K, used 37613K [0x0000000081600000, 0x0000000100000000)
  region size 1024K, 14 young (14336K), 2 survivors (2048K)
 Metaspace       used 60112K, committed 60608K, reserved 1114112K
  class space    used 7904K, committed 8128K, reserved 1048576K
}
Event: 15.062 GC heap after
{Heap after GC invocations=14 (full 0):
 garbage-first heap   total 55296K, used 26579K [0x0000000081600000, 0x0000000100000000)
  region size 1024K, 2 young (2048K), 2 survivors (2048K)
 Metaspace       used 60112K, committed 60608K, reserved 1114112K
  class space    used 7904K, committed 8128K, reserved 1048576K
}

