# JRE version: Java(TM) SE Runtime Environment (17.0.12+8) (build 17.0.12+8-LTS-286)
# Java VM: Java HotSpot(TM) 64-Bit Server VM (17.0.12+8-LTS-286, mixed mode, sharing, tiered, compressed oops, compressed class ptrs, g1 gc, windows-amd64)
GC Precious Log:
 CPUs: 4 total, 4 available
 Memory: 8097M
 Large Page Support: Disabled
 NUMA Support: Disabled
 Compressed Oops: Enabled (32-bit)
 Heap Region Size: 1M
 Heap Min Capacity: 256M
 Heap Initial Capacity: 256M
 Heap Max Capacity: 512M
 Pre-touch: Disabled
 Parallel Workers: 4
 Concurrent Workers: 1
 Concurrent Refinement Workers: 4
 Periodic GC: Disabled
Heap:
 garbage-first heap   total 262144K, used 208596K [0x00000000e0000000, 0x0000000100000000)
  region size 1024K, 130 young (133120K), 7 survivors (7168K)
 Metaspace       used 118592K, committed 119424K, reserved 458752K
  class space    used 15308K, committed 15680K, reserved 327680K
GC Heap History (20 events):
Event: 17.828 GC heap before
{Heap before GC invocations=3 (full 0):
 garbage-first heap   total 262144K, used 44838K [0x00000000e0000000, 0x0000000100000000)
  region size 1024K, 39 young (39936K), 15 survivors (15360K)
 Metaspace       used 21124K, committed 21504K, reserved 393216K
  class space    used 3066K, committed 3264K, reserved 327680K
}
Event: 17.850 GC heap after
{Heap after GC invocations=4 (full 0):
 garbage-first heap   total 262144K, used 24138K [0x00000000e0000000, 0x0000000100000000)
  region size 1024K, 3 young (3072K), 3 survivors (3072K)
 Metaspace       used 21124K, committed 21504K, reserved 393216K
  class space    used 3066K, committed 3264K, reserved 327680K
}
Event: 27.972 GC heap before
{Heap before GC invocations=5 (full 0):
 garbage-first heap   total 262144K, used 162378K [0x00000000e0000000, 0x0000000100000000)
  region size 1024K, 138 young (141312K), 3 survivors (3072K)
 Metaspace       used 35569K, committed 35968K, reserved 393216K
  class space    used 4926K, committed 5120K, reserved 327680K
}
Event: 27.988 GC heap after
{Heap after GC invocations=6 (full 0):
 garbage-first heap   total 262144K, used 31400K [0x00000000e0000000, 0x0000000100000000)
  region size 1024K, 10 young (10240K), 10 survivors (10240K)
 Metaspace       used 35569K, committed 35968K, reserved 393216K
  class space    used 4926K, committed 5120K, reserved 327680K
}
Event: 39.002 GC heap before
{Heap before GC invocations=7 (full 0):
 garbage-first heap   total 262144K, used 177832K [0x00000000e0000000, 0x0000000100000000)
  region size 1024K, 153 young (156672K), 10 survivors (10240K)
 Metaspace       used 49685K, committed 50176K, reserved 393216K
  class space    used 7125K, committed 7360K, reserved 327680K
}
Event: 39.026 GC heap after
{Heap after GC invocations=8 (full 0):
 garbage-first heap   total 262144K, used 37416K [0x00000000e0000000, 0x0000000100000000)
  region size 1024K, 16 young (16384K), 16 survivors (16384K)
 Metaspace       used 49685K, committed 50176K, reserved 393216K
  class space    used 7125K, committed 7360K, reserved 327680K
}
Event: 44.378 GC heap before
{Heap before GC invocations=8 (full 0):
 garbage-first heap   total 262144K, used 114216K [0x00000000e0000000, 0x0000000100000000)
  region size 1024K, 92 young (94208K), 16 survivors (16384K)
 Metaspace       used 59506K, committed 60160K, reserved 393216K
  class space    used 8374K, committed 8704K, reserved 327680K
}
Event: 44.408 GC heap after
{Heap after GC invocations=9 (full 0):
 garbage-first heap   total 262144K, used 39381K [0x00000000e0000000, 0x0000000100000000)
  region size 1024K, 10 young (10240K), 10 survivors (10240K)
 Metaspace       used 59506K, committed 60160K, reserved 393216K
  class space    used 8374K, committed 8704K, reserved 327680K
}
Event: 55.801 GC heap before
{Heap before GC invocations=10 (full 0):
 garbage-first heap   total 262144K, used 200149K [0x00000000e0000000, 0x0000000100000000)
  region size 1024K, 153 young (156672K), 10 survivors (10240K)
 Metaspace       used 73342K, committed 74048K, reserved 393216K
  class space    used 10475K, committed 10816K, reserved 327680K
}
Event: 55.854 GC heap after
{Heap after GC invocations=11 (full 0):
 garbage-first heap   total 262144K, used 65378K [0x00000000e0000000, 0x0000000100000000)
  region size 1024K, 20 young (20480K), 20 survivors (20480K)
 Metaspace       used 73342K, committed 74048K, reserved 393216K
  class space    used 10475K, committed 10816K, reserved 327680K
}
Event: 56.298 GC heap before
{Heap before GC invocations=11 (full 0):
 garbage-first heap   total 262144K, used 69474K [0x00000000e0000000, 0x0000000100000000)
  region size 1024K, 24 young (24576K), 20 survivors (20480K)
 Metaspace       used 73620K, committed 74368K, reserved 393216K
  class space    used 10512K, committed 10880K, reserved 327680K
}
Event: 56.329 GC heap after
{Heap after GC invocations=12 (full 0):
 garbage-first heap   total 262144K, used 68718K [0x00000000e0000000, 0x0000000100000000)
  region size 1024K, 3 young (3072K), 3 survivors (3072K)
 Metaspace       used 73620K, committed 74368K, reserved 393216K
  class space    used 10512K, committed 10880K, reserved 327680K
}
Event: 64.964 GC heap before
{Heap before GC invocations=12 (full 0):
 garbage-first heap   total 262144K, used 206958K [0x00000000e0000000, 0x0000000100000000)
  region size 1024K, 137 young (140288K), 3 survivors (3072K)
 Metaspace       used 87295K, committed 88000K, reserved 458752K
  class space    used 12032K, committed 12352K, reserved 327680K
}
Event: 64.981 GC heap after
{Heap after GC invocations=13 (full 0):
 garbage-first heap   total 262144K, used 74290K [0x00000000e0000000, 0x0000000100000000)
  region size 1024K, 8 young (8192K), 8 survivors (8192K)
 Metaspace       used 87295K, committed 88000K, reserved 458752K
  class space    used 12032K, committed 12352K, reserved 327680K
}
Event: 72.678 GC heap before
{Heap before GC invocations=13 (full 0):
 garbage-first heap   total 262144K, used 207410K [0x00000000e0000000, 0x0000000100000000)
  region size 1024K, 138 young (141312K), 8 survivors (8192K)
 Metaspace       used 97912K, committed 98624K, reserved 458752K
  class space    used 13108K, committed 13440K, reserved 327680K
}
Event: 72.707 GC heap after
{Heap after GC invocations=14 (full 0):
 garbage-first heap   total 262144K, used 85592K [0x00000000e0000000, 0x0000000100000000)
  region size 1024K, 18 young (18432K), 18 survivors (18432K)
 Metaspace       used 97912K, committed 98624K, reserved 458752K
  class space    used 13108K, committed 13440K, reserved 327680K
}
Event: 73.106 GC heap before
{Heap before GC invocations=14 (full 0):
 garbage-first heap   total 262144K, used 97880K [0x00000000e0000000, 0x0000000100000000)
  region size 1024K, 31 young (31744K), 18 survivors (18432K)
 Metaspace       used 99697K, committed 100416K, reserved 458752K
  class space    used 13321K, committed 13696K, reserved 327680K
}
Event: 73.135 GC heap after
{Heap after GC invocations=15 (full 0):
 garbage-first heap   total 262144K, used 87555K [0x00000000e0000000, 0x0000000100000000)
  region size 1024K, 2 young (2048K), 2 survivors (2048K)
 Metaspace       used 99697K, committed 100416K, reserved 458752K
  class space    used 13321K, committed 13696K, reserved 327680K
}
Event: 76.874 GC heap before
{Heap before GC invocations=16 (full 0):
 garbage-first heap   total 262144K, used 210435K [0x00000000e0000000, 0x0000000100000000)
  region size 1024K, 123 young (125952K), 2 survivors (2048K)
 Metaspace       used 115086K, committed 115840K, reserved 458752K
  class space    used 15025K, committed 15360K, reserved 327680K
}
Event: 76.887 GC heap after
{Heap after GC invocations=17 (full 0):
 garbage-first heap   total 262144K, used 83668K [0x00000000e0000000, 0x0000000100000000)
  region size 1024K, 7 young (7168K), 7 survivors (7168K)
 Metaspace       used 115086K, committed 115840K, reserved 458752K
  class space    used 15025K, committed 15360K, reserved 327680K
}

